Change Component Designator: Old Designator=C1 New Designator=C?
Change Component Designator: Old Designator=C2 New Designator=C?
Change Component Designator: Old Designator=C3 New Designator=C?
Change Component Designator: Old Designator=C4 New Designator=C?
Change Component Designator: Old Designator=C6 New Designator=C?
Change Component Designator: Old Designator=C7 New Designator=C?
Change Component Designator: Old Designator=C8 New Designator=C?
Change Component Designator: Old Designator=C9 New Designator=C?
Change Component Designator: Old Designator=C10 New Designator=C?
Change Component Designator: Old Designator=C11 New Designator=C?
Change Component Designator: Old Designator=D1 New Designator=D?
Change Component Designator: Old Designator=DD1 New Designator=DD?
Change Component Designator: Old Designator=FD1 New Designator=FD?
Change Component Designator: Old Designator=FD2 New Designator=FD?
Change Component Designator: Old Designator=FD3 New Designator=FD?
Change Component Designator: Old Designator=FD4 New Designator=FD?
Change Component Designator: Old Designator=FD5 New Designator=FD?
Change Component Designator: Old Designator=FD6 New Designator=FD?
Change Component Designator: Old Designator=HL1 New Designator=HL?
Change Component Designator: Old Designator=J1 New Designator=J?
Change Component Designator: Old Designator=L1 New Designator=L?
Change Component Designator: Old Designator=L2 New Designator=L?
Change Component Designator: Old Designator=L3 New Designator=L?
Change Component Designator: Old Designator=MPU1 New Designator=MPU?
Change Component Designator: Old Designator=R1 New Designator=R?
Change Component Designator: Old Designator=R2 New Designator=R?
Change Component Designator: Old Designator=R3 New Designator=R?
Change Component Designator: Old Designator=R4 New Designator=R?
Change Component Designator: Old Designator=R5 New Designator=R?
Change Component Designator: Old Designator=R6 New Designator=R?
Change Component Designator: Old Designator=R7 New Designator=R?
Change Component Designator: Old Designator=WA1 New Designator=WA?
Change Component Designator: Old Designator=WA2 New Designator=WA?
Change Component Designator: Old Designator=X1 New Designator=X?
Change Component Designator: Old Designator=XW1 New Designator=XW?
Change Component Designator: Old Designator=ZQ1 New Designator=ZQ?
