Change Component Designator: Old Designator=C? New Designator=C1
Change Component Designator: Old Designator=C? New Designator=C2
Change Component Designator: Old Designator=C? New Designator=C3
Change Component Designator: Old Designator=C? New Designator=C4
Change Component Designator: Old Designator=C? New Designator=C5
Change Component Designator: Old Designator=C? New Designator=C6
Change Component Designator: Old Designator=C? New Designator=C7
Change Component Designator: Old Designator=C? New Designator=C8
Change Component Designator: Old Designator=C? New Designator=C9
Change Component Designator: Old Designator=C? New Designator=C10
Change Component Designator: Old Designator=C? New Designator=C11
Change Component Designator: Old Designator=D? New Designator=D1
Change Component Designator: Old Designator=DD? New Designator=DD1
Change Component Designator: Old Designator=FD? New Designator=FD1
Change Component Designator: Old Designator=FD? New Designator=FD2
Change Component Designator: Old Designator=FD? New Designator=FD3
Change Component Designator: Old Designator=FD? New Designator=FD4
Change Component Designator: Old Designator=FD? New Designator=FD5
Change Component Designator: Old Designator=FD? New Designator=FD6
Change Component Designator: Old Designator=HL? New Designator=HL1
Change Component Designator: Old Designator=L? New Designator=L1
Change Component Designator: Old Designator=L? New Designator=L2
Change Component Designator: Old Designator=L? New Designator=L3
Change Component Designator: Old Designator=MPU? New Designator=MPU1
Change Component Designator: Old Designator=R? New Designator=R1
Change Component Designator: Old Designator=R? New Designator=R2
Change Component Designator: Old Designator=R? New Designator=R3
Change Component Designator: Old Designator=R? New Designator=R4
Change Component Designator: Old Designator=R? New Designator=R5
Change Component Designator: Old Designator=R? New Designator=R6
Change Component Designator: Old Designator=R? New Designator=R7
Change Component Designator: Old Designator=WA? New Designator=WA1
Change Component Designator: Old Designator=WA? New Designator=WA2
Change Component Designator: Old Designator=X? New Designator=X1
Change Component Designator: Old Designator=XW? New Designator=XW1
Change Component Designator: Old Designator=ZQ? New Designator=ZQ1
